<?xml version="1.0" encoding="UTF-8"?>
<!-- Generated by org.testng.reporters.JUnitXMLReporter -->
<testsuite ignored="0" hostname="IN026-LAB-0093" failures="0" tests="5" name="Default test" time="34.853" errors="0" timestamp="2023-10-09T19:43:03 IST">
  <testcase classname="Classes.LoginTestNG" name="LaunchButton" time="20.258"/>
  <testcase classname="Classes.LoginTestNG" name="MainLaunchButton" time="7.32"/>
  <testcase classname="Classes.LoginTestNG" name="HomeLaunch" time="3.696"/>
  <testcase classname="Classes.LoginTestNG" name="MovieLaunch" time="3.413"/>
  <testcase classname="Classes.LoginTestNG" name="subTrailLaunch" time="0.112"/>
</testsuite> <!-- Default test -->
